This is pdfTeX, Version 3.14159265-2.6-1.40.17 (TeX Live 2016) (preloaded format=pdflatex 2016.5.22)  20 DEC 2017 01:33
entering extended mode
 restricted \write18 enabled.
 %&-line parsing enabled.
**writeup.tex
(./writeup.tex
LaTeX2e <2016/03/31>
Babel <3.9r> and hyphenation patterns for 83 language(s) loaded.
(/usr/local/texlive/2016/texmf-dist/tex/latex/base/article.cls
Document Class: article 2014/09/29 v1.4h Standard LaTeX document class
(/usr/local/texlive/2016/texmf-dist/tex/latex/base/size10.clo
File: size10.clo 2014/09/29 v1.4h Standard LaTeX file (size option)
)
\c@part=\count79
\c@section=\count80
\c@subsection=\count81
\c@subsubsection=\count82
\c@paragraph=\count83
\c@subparagraph=\count84
\c@figure=\count85
\c@table=\count86
\abovecaptionskip=\skip41
\belowcaptionskip=\skip42
\bibindent=\dimen102
)
(/usr/local/texlive/2016/texmf-dist/tex/latex/graphics/graphicx.sty
Package: graphicx 2014/10/28 v1.0g Enhanced LaTeX Graphics (DPC,SPQR)

(/usr/local/texlive/2016/texmf-dist/tex/latex/graphics/keyval.sty
Package: keyval 2014/10/28 v1.15 key=value parser (DPC)
\KV@toks@=\toks14
)
(/usr/local/texlive/2016/texmf-dist/tex/latex/graphics/graphics.sty
Package: graphics 2016/05/09 v1.0r Standard LaTeX Graphics (DPC,SPQR)

(/usr/local/texlive/2016/texmf-dist/tex/latex/graphics/trig.sty
Package: trig 2016/01/03 v1.10 sin cos tan (DPC)
)
(/usr/local/texlive/2016/texmf-dist/tex/latex/graphics-cfg/graphics.cfg
File: graphics.cfg 2016/01/02 v1.10 sample graphics configuration
)
Package graphics Info: Driver file: pdftex.def on input line 96.

(/usr/local/texlive/2016/texmf-dist/tex/latex/pdftex-def/pdftex.def
File: pdftex.def 2011/05/27 v0.06d Graphics/color for pdfTeX

(/usr/local/texlive/2016/texmf-dist/tex/generic/oberdiek/infwarerr.sty
Package: infwarerr 2016/05/16 v1.4 Providing info/warning/error messages (HO)
)
(/usr/local/texlive/2016/texmf-dist/tex/generic/oberdiek/ltxcmds.sty
Package: ltxcmds 2016/05/16 v1.23 LaTeX kernel commands for general use (HO)
)
\Gread@gobject=\count87
))
\Gin@req@height=\dimen103
\Gin@req@width=\dimen104
)
(/usr/local/texlive/2016/texmf-dist/tex/latex/geometry/geometry.sty
Package: geometry 2010/09/12 v5.6 Page Geometry

(/usr/local/texlive/2016/texmf-dist/tex/generic/oberdiek/ifpdf.sty
Package: ifpdf 2016/05/14 v3.1 Provides the ifpdf switch
)
(/usr/local/texlive/2016/texmf-dist/tex/generic/oberdiek/ifvtex.sty
Package: ifvtex 2016/05/16 v1.6 Detect VTeX and its facilities (HO)
Package ifvtex Info: VTeX not detected.
)
(/usr/local/texlive/2016/texmf-dist/tex/generic/ifxetex/ifxetex.sty
Package: ifxetex 2010/09/12 v0.6 Provides ifxetex conditional
)
\Gm@cnth=\count88
\Gm@cntv=\count89
\c@Gm@tempcnt=\count90
\Gm@bindingoffset=\dimen105
\Gm@wd@mp=\dimen106
\Gm@odd@mp=\dimen107
\Gm@even@mp=\dimen108
\Gm@layoutwidth=\dimen109
\Gm@layoutheight=\dimen110
\Gm@layouthoffset=\dimen111
\Gm@layoutvoffset=\dimen112
\Gm@dimlist=\toks15
)
(./writeup.aux)
\openout1 = `writeup.aux'.

LaTeX Font Info:    Checking defaults for OML/cmm/m/it on input line 4.
LaTeX Font Info:    ... okay on input line 4.
LaTeX Font Info:    Checking defaults for T1/cmr/m/n on input line 4.
LaTeX Font Info:    ... okay on input line 4.
LaTeX Font Info:    Checking defaults for OT1/cmr/m/n on input line 4.
LaTeX Font Info:    ... okay on input line 4.
LaTeX Font Info:    Checking defaults for OMS/cmsy/m/n on input line 4.
LaTeX Font Info:    ... okay on input line 4.
LaTeX Font Info:    Checking defaults for OMX/cmex/m/n on input line 4.
LaTeX Font Info:    ... okay on input line 4.
LaTeX Font Info:    Checking defaults for U/cmr/m/n on input line 4.
LaTeX Font Info:    ... okay on input line 4.

(/usr/local/texlive/2016/texmf-dist/tex/context/base/mkii/supp-pdf.mkii
[Loading MPS to PDF converter (version 2006.09.02).]
\scratchcounter=\count91
\scratchdimen=\dimen113
\scratchbox=\box26
\nofMPsegments=\count92
\nofMParguments=\count93
\everyMPshowfont=\toks16
\MPscratchCnt=\count94
\MPscratchDim=\dimen114
\MPnumerator=\count95
\makeMPintoPDFobject=\count96
\everyMPtoPDFconversion=\toks17
) (/usr/local/texlive/2016/texmf-dist/tex/generic/oberdiek/pdftexcmds.sty
Package: pdftexcmds 2016/05/10 v0.21 Utility functions of pdfTeX for LuaTeX (HO
)

(/usr/local/texlive/2016/texmf-dist/tex/generic/oberdiek/ifluatex.sty
Package: ifluatex 2016/05/16 v1.4 Provides the ifluatex switch (HO)
Package ifluatex Info: LuaTeX not detected.
)
Package pdftexcmds Info: LuaTeX not detected.
Package pdftexcmds Info: \pdf@primitive is available.
Package pdftexcmds Info: \pdf@ifprimitive is available.
Package pdftexcmds Info: \pdfdraftmode found.
)
(/usr/local/texlive/2016/texmf-dist/tex/latex/oberdiek/epstopdf-base.sty
Package: epstopdf-base 2016/05/15 v2.6 Base part for package epstopdf

(/usr/local/texlive/2016/texmf-dist/tex/latex/oberdiek/grfext.sty
Package: grfext 2016/05/16 v1.2 Manage graphics extensions (HO)

(/usr/local/texlive/2016/texmf-dist/tex/generic/oberdiek/kvdefinekeys.sty
Package: kvdefinekeys 2016/05/16 v1.4 Define keys (HO)
))
(/usr/local/texlive/2016/texmf-dist/tex/latex/oberdiek/kvoptions.sty
Package: kvoptions 2016/05/16 v3.12 Key value format for package options (HO)

(/usr/local/texlive/2016/texmf-dist/tex/generic/oberdiek/kvsetkeys.sty
Package: kvsetkeys 2016/05/16 v1.17 Key value parser (HO)

(/usr/local/texlive/2016/texmf-dist/tex/generic/oberdiek/etexcmds.sty
Package: etexcmds 2016/05/16 v1.6 Avoid name clashes with e-TeX commands (HO)
Package etexcmds Info: Could not find \expanded.
(etexcmds)             That can mean that you are not using pdfTeX 1.50 or
(etexcmds)             that some package has redefined \expanded.
(etexcmds)             In the latter case, load this package earlier.
)))
Package grfext Info: Graphics extension search list:
(grfext)             [.png,.pdf,.jpg,.mps,.jpeg,.jbig2,.jb2,.PNG,.PDF,.JPG,.JPE
G,.JBIG2,.JB2,.eps]
(grfext)             \AppendGraphicsExtensions on input line 456.

(/usr/local/texlive/2016/texmf-dist/tex/latex/latexconfig/epstopdf-sys.cfg
File: epstopdf-sys.cfg 2010/07/13 v1.3 Configuration of (r)epstopdf for TeX Liv
e
))
*geometry* driver: auto-detecting
*geometry* detected driver: pdftex
*geometry* verbose mode - [ preamble ] result:
* driver: pdftex
* paper: <default>
* layout: <same size as paper>
* layoutoffset:(h,v)=(0.0pt,0.0pt)
* modes: 
* h-part:(L,W,R)=(72.26999pt, 469.75502pt, 72.26999pt)
* v-part:(T,H,B)=(72.26999pt, 650.43001pt, 72.26999pt)
* \paperwidth=614.295pt
* \paperheight=794.96999pt
* \textwidth=469.75502pt
* \textheight=650.43001pt
* \oddsidemargin=0.0pt
* \evensidemargin=0.0pt
* \topmargin=-37.0pt
* \headheight=12.0pt
* \headsep=25.0pt
* \topskip=10.0pt
* \footskip=30.0pt
* \marginparwidth=65.0pt
* \marginparsep=11.0pt
* \columnsep=10.0pt
* \skip\footins=9.0pt plus 4.0pt minus 2.0pt
* \hoffset=0.0pt
* \voffset=0.0pt
* \mag=1000
* \@twocolumnfalse
* \@twosidefalse
* \@mparswitchfalse
* \@reversemarginfalse
* (1in=72.27pt=25.4mm, 1cm=28.453pt)

LaTeX Font Info:    External font `cmex10' loaded for size
(Font)              <7> on input line 11.
LaTeX Font Info:    External font `cmex10' loaded for size
(Font)              <5> on input line 11.
<speed.pdf, id=1, 578.16pt x 433.62pt>
File: speed.pdf Graphic file (type pdf)
 <use speed.pdf>
Package pdftex.def Info: speed.pdf used on input line 43.
(pdftex.def)             Requested size: 173.44933pt x 130.087pt.

<optimized.pdf, id=2, 578.16pt x 433.62pt>
File: optimized.pdf Graphic file (type pdf)
 <use optimized.pdf>
Package pdftex.def Info: optimized.pdf used on input line 44.
(pdftex.def)             Requested size: 173.44933pt x 130.087pt.
 [1

{/usr/local/texlive/2016/texmf-var/fonts/map/pdftex/updmap/pdftex.map}]
<oneturb.pdf, id=16, 578.16pt x 433.62pt>
File: oneturb.pdf Graphic file (type pdf)
 <use oneturb.pdf>
Package pdftex.def Info: oneturb.pdf used on input line 62.
(pdftex.def)             Requested size: 231.2599pt x 173.44492pt.

<twoturbs.pdf, id=17, 578.16pt x 433.62pt>
File: twoturbs.pdf Graphic file (type pdf)
 <use twoturbs.pdf>
Package pdftex.def Info: twoturbs.pdf used on input line 70.
(pdftex.def)             Requested size: 231.2599pt x 173.44492pt.
 [2 <./speed.pdf> <./optimized.pdf

pdfTeX warning: /Library/TeX/texbin/pdflatex (file ./optimized.pdf): PDF inclus
ion: multiple pdfs with page group included in a single page
> <./oneturb.pdf

pdfTeX warning: /Library/TeX/texbin/pdflatex (file ./oneturb.pdf): PDF inclusio
n: multiple pdfs with page group included in a single page
>] <boundarywake.pdf, id=99, 578.16pt x 433.62pt>
File: boundarywake.pdf Graphic file (type pdf)
 <use boundarywake.pdf>
Package pdftex.def Info: boundarywake.pdf used on input line 86.
(pdftex.def)             Requested size: 289.07928pt x 216.80946pt.

<p3centerline.pdf, id=100, 578.16pt x 433.62pt>
File: p3centerline.pdf Graphic file (type pdf)
 <use p3centerline.pdf>
Package pdftex.def Info: p3centerline.pdf used on input line 94.
(pdftex.def)             Requested size: 289.07928pt x 216.80946pt.

<p3streams.pdf, id=101, 578.16pt x 433.62pt>
File: p3streams.pdf Graphic file (type pdf)
 <use p3streams.pdf>
Package pdftex.def Info: p3streams.pdf used on input line 100.
(pdftex.def)             Requested size: 346.89867pt x 260.17401pt.
 [3 <./twoturbs.pdf> <./boundarywake.pdf

pdfTeX warning: /Library/TeX/texbin/pdflatex (file ./boundarywake.pdf): PDF inc
lusion: multiple pdfs with page group included in a single page
>] [4 <./p3centerline.pdf> <./p3streams.pdf

pdfTeX warning: /Library/TeX/texbin/pdflatex (file ./p3streams.pdf): PDF inclus
ion: multiple pdfs with page group included in a single page
>] <grid.pdf, id=183, 578.16pt x 433.62pt>
File: grid.pdf Graphic file (type pdf)
 <use grid.pdf>
Package pdftex.def Info: grid.pdf used on input line 116.
(pdftex.def)             Requested size: 144.53964pt x 108.40472pt.

<circle.pdf, id=184, 578.16pt x 433.62pt>
File: circle.pdf Graphic file (type pdf)
 <use circle.pdf>
Package pdftex.def Info: circle.pdf used on input line 117.
(pdftex.def)             Requested size: 144.53964pt x 108.40472pt.

<edges.pdf, id=185, 578.16pt x 433.62pt>
File: edges.pdf Graphic file (type pdf)
 <use edges.pdf>
Package pdftex.def Info: edges.pdf used on input line 118.
(pdftex.def)             Requested size: 144.53964pt x 108.40472pt.

<optlayout1.pdf, id=186, 578.16pt x 433.62pt>
File: optlayout1.pdf Graphic file (type pdf)
 <use optlayout1.pdf>
Package pdftex.def Info: optlayout1.pdf used on input line 127.
(pdftex.def)             Requested size: 346.89867pt x 260.17401pt.
 [5 <./grid.pdf> <./circle.pdf

pdfTeX warning: /Library/TeX/texbin/pdflatex (file ./circle.pdf): PDF inclusion
: multiple pdfs with page group included in a single page
> <./edges.pdf

pdfTeX warning: /Library/TeX/texbin/pdflatex (file ./edges.pdf): PDF inclusion:
 multiple pdfs with page group included in a single page
> <./optlayout1.pdf

pdfTeX warning: /Library/TeX/texbin/pdflatex (file ./optlayout1.pdf): PDF inclu
sion: multiple pdfs with page group included in a single page
>] (./writeup.aux) ) 
Here is how much of TeX's memory you used:
 2005 strings out of 493014
 29185 string characters out of 6133351
 98237 words of memory out of 5000000
 5545 multiletter control sequences out of 15000+600000
 4850 words of font info for 18 fonts, out of 8000000 for 9000
 1141 hyphenation exceptions out of 8191
 38i,6n,32p,569b,216s stack positions out of 5000i,500n,10000p,200000b,80000s
</usr/local/texlive/2016/texmf-dist/fonts/type1/public/amsf
onts/cm/cmbx12.pfb></usr/local/texlive/2016/texmf-dist/fonts/type1/public/amsfo
nts/cm/cmex10.pfb></usr/local/texlive/2016/texmf-dist/fonts/type1/public/amsfon
ts/cm/cmmi10.pfb></usr/local/texlive/2016/texmf-dist/fonts/type1/public/amsfont
s/cm/cmmi7.pfb></usr/local/texlive/2016/texmf-dist/fonts/type1/public/amsfonts/
cm/cmr10.pfb></usr/local/texlive/2016/texmf-dist/fonts/type1/public/amsfonts/cm
/cmr5.pfb></usr/local/texlive/2016/texmf-dist/fonts/type1/public/amsfonts/cm/cm
r7.pfb></usr/local/texlive/2016/texmf-dist/fonts/type1/public/amsfonts/cm/cmsy1
0.pfb></usr/local/texlive/2016/texmf-dist/fonts/type1/public/amsfonts/cm/cmsy7.
pfb>
Output written on writeup.pdf (5 pages, 6919946 bytes).
PDF statistics:
 343 PDF objects out of 1000 (max. 8388607)
 110 compressed objects within 2 object streams
 0 named destinations out of 1000 (max. 500000)
 56 words of extra memory for PDF output out of 10000 (max. 10000000)

